<?xml version="1.0" encoding="UTF-8" ?>
<testsuite failures="0" time="17.581" errors="0" skipped="0" tests="9" name="org.openflexo.foundation.FMLModelFactoryIntegrationTest">
  <properties>
[...]
</properties>
  <testcase time="16.626" classname="org.openflexo.foundation.FMLModelFactoryIntegrationTest" name="initializeServiceManager"/>
  <testcase time="0.168" classname="org.openflexo.foundation.FMLModelFactoryIntegrationTest" name="checkFMLTechnologyAdapter"/>
  <testcase time="0.067" classname="org.openflexo.foundation.FMLModelFactoryIntegrationTest" name="checkDiagramTechnologyAdapter"/>
  <testcase time="0.06" classname="org.openflexo.foundation.FMLModelFactoryIntegrationTest" name="checkEMFTechnologyAdapter"/>
  <testcase time="0.053" classname="org.openflexo.foundation.FMLModelFactoryIntegrationTest" name="checkExcelTechnologyAdapter"/>
  <testcase time="0.069" classname="org.openflexo.foundation.FMLModelFactoryIntegrationTest" name="checkOWLTechnologyAdapter"/>
  <testcase time="0.052" classname="org.openflexo.foundation.FMLModelFactoryIntegrationTest" name="checkPowerpointTechnologyAdapter"/>
  <testcase time="0.069" classname="org.openflexo.foundation.FMLModelFactoryIntegrationTest" name="checkXMLTechnologyAdapter"/>
  <testcase time="0.01" classname="org.openflexo.foundation.FMLModelFactoryIntegrationTest" name="testInstantiateVirtualModelModelFactoryForAllTechnologyAdapters"/>
</testsuite>